Filename                      Regions    Missed Regions     Cover   Functions  Missed Functions  Executed       Lines      Missed Lines     Cover    Branches   Missed Branches     Cover
-----------------------------------------------------------------------------------------------------------------------------------------------------------------------------------------
bin/bzip2cli.rs                     3                 0   100.00%           1                 0   100.00%           3                 0   100.00%           0                 0         -
blocksort.rs                     1809                60    96.68%           9                 0   100.00%        1234                51    95.87%           0                 0         -
bzip2.rs                         2651              1941    26.78%          48                35    27.08%        2282              1687    26.07%           0                 0         -
bzip2recover.rs                   604               604     0.00%          14                14     0.00%         408               408     0.00%           0                 0         -
bzlib.rs                         2321              1181    49.12%          43                15    65.12%        1926               933    51.56%           0                 0         -
compress.rs                      2084                83    96.02%           9                 0   100.00%        2310                63    97.27%           0                 0         -
decompress.rs                    2273               446    80.38%           2                 0   100.00%        2807               565    79.87%           0                 0         -
huffman.rs                        302                12    96.03%           3                 0   100.00%         224                 8    96.43%           0                 0         -
-----------------------------------------------------------------------------------------------------------------------------------------------------------------------------------------
TOTAL                           12047              4327    64.08%         129                64    50.39%       11194              3715    66.81%           0                 0         -
